Running Gradle task 'assembleDebug'...                          
Warning: Flutter support for your project's Gradle version (8.3.0) will soon be dropped. Please upgrade your Gradle version to a version of at least 8.7.0 soon.
Alternatively, use the flag "--android-skip-build-dependency-validation" to bypass this check.

Potential fix: Your project's gradle version is typically defined in the gradle wrapper file. By default, this can be found at /media/ludo/clients/Gerard_DUCOCQ/gerard/android/gradle/wrapper/gradle-wrapper.properties. 
For more information, see https://docs.gradle.org/current/userguide/gradle_wrapper.html.


FAILURE: Build failed with an exception.

* Where:
Build file '/media/ludo/clients/Gerard_DUCOCQ/gerard/android/app/build.gradle' line: 5

* What went wrong:
An exception occurred applying plugin request [id: 'dev.flutter.flutter-gradle-plugin']
> Failed to apply plugin 'dev.flutter.flutter-gradle-plugin'.
   > Error: Your project's Android Gradle Plugin version (Android Gradle Plugin version 8.1.0) is lower than Flutter's minimum supported version of Android Gradle Plugin version 8.1.1. Please upgrade your Android Gradle Plugin version. 
     Alternatively, use the flag "--android-skip-build-dependency-validation" to bypass this check.

     Potential fix: Your project's AGP version is typically defined in the plugins block of the `settings.gradle` file (/media/ludo/clients/Gerard_DUCOCQ/gerard/android/settings.gradle), by a plugin with the id of com.android.application. 
     If you don't see a plugins block, your project was likely created with an older template version. In this case it is most likely defined in the top-level build.gradle file (/media/ludo/clients/Gerard_DUCOCQ/gerard/android/build.gradle) by the following line in the dependencies block of the buildscript: "classpath 'com.android.tools.build:gradle:<version>'".


* Try:
> Run with --stacktrace option to get the stack trace.
> Run with --info or --debug option to get more log output.
> Run with --scan to get full insights.
> Get more help at https://help.gradle.org.

BUILD FAILED in 684ms
Running Gradle task 'assembleDebug'...                           1â€¯154ms
Gradle task assembleDebug failed with exit code 1
